0 info it worked if it ends with ok
1 verbose cli [ 'C:\\Program Files\\nodejs\\node.exe',
1 verbose cli   'C:\\Program Files\\nodejs\\node_modules\\npm\\bin\\npm-cli.js',
1 verbose cli   'start' ]
2 info using npm@3.3.6
3 info using node@v5.0.0
4 verbose run-script [ 'prestart', 'start', 'poststart' ]
5 info lifecycle cat-donat@1.0.0~prestart: cat-donat@1.0.0
6 silly lifecycle cat-donat@1.0.0~prestart: no script for prestart, continuing
7 info lifecycle cat-donat@1.0.0~start: cat-donat@1.0.0
8 verbose lifecycle cat-donat@1.0.0~start: unsafe-perm in lifecycle true
9 verbose lifecycle cat-donat@1.0.0~start: PATH: C:\Program Files\nodejs\node_modules\npm\bin\node-gyp-bin;C:\DEV\cat-donat\node_modules\.bin;C:\Users\luch-\bin;C:\Program Files\Git\mingw64\bin;C:\Program Files\Git\usr\local\bin;C:\Program Files\Git\usr\bin;C:\Program Files\Git\usr\bin;C:\Program Files\Git\mingw64\bin;C:\Program Files\Git\usr\bin;C:\Users\luch-\bin;C:\ProgramData\Oracle\Java\javapath;C:\Windows\system32;C:\Windows;C:\Windows\System32\Wbem;C:\Windows\System32\WindowsPowerShell\v1.0;C:\Program Files\nodejs;C:\Program Files (x86)\NVIDIA Corporation\PhysX\Common;C:\Users\luch-\AppData\Local\.meteor;C:\Program Files\Redis;C:\Program Files (x86)\Gource\cmd;C:\Program Files (x86)\Skype\Phone;C:\WINDOWS\system32;C:\WINDOWS;C:\WINDOWS\System32\Wbem;C:\WINDOWS\System32\WindowsPowerShell\v1.0;C:\HaxeToolkit\haxe;C:\HaxeToolkit\neko;C:\Program Files (x86)\Windows Live\Shared;C:\Users\luch-\AppData\Local\Programs\Python\Python35-32\Scripts;C:\Users\luch-\AppData\Local\Programs\Python\Python35-32;C:\Users\luch-\AppData\Roaming\npm;C:\Users\luch-\AppData\Local\.meteor;C:\Program Files (x86)\Microsoft VS Code\bin;C:\Program Files\Git\usr\bin\vendor_perl;C:\Program Files\Git\usr\bin\core_perl
10 verbose lifecycle cat-donat@1.0.0~start: CWD: C:\DEV\cat-donat
11 silly lifecycle cat-donat@1.0.0~start: Args: [ '/d /s /c', 'node run.js' ]
12 silly lifecycle cat-donat@1.0.0~start: Returned: code: 1  signal: null
13 info lifecycle cat-donat@1.0.0~start: Failed to exec start script
14 verbose stack Error: cat-donat@1.0.0 start: `node run.js`
14 verbose stack Exit status 1
14 verbose stack     at EventEmitter.<anonymous> (C:\Program Files\nodejs\node_modules\npm\lib\utils\lifecycle.js:233:16)
14 verbose stack     at emitTwo (events.js:87:13)
14 verbose stack     at EventEmitter.emit (events.js:172:7)
14 verbose stack     at ChildProcess.<anonymous> (C:\Program Files\nodejs\node_modules\npm\lib\utils\spawn.js:24:14)
14 verbose stack     at emitTwo (events.js:87:13)
14 verbose stack     at ChildProcess.emit (events.js:172:7)
14 verbose stack     at maybeClose (internal/child_process.js:818:16)
14 verbose stack     at Process.ChildProcess._handle.onexit (internal/child_process.js:211:5)
15 verbose pkgid cat-donat@1.0.0
16 verbose cwd C:\DEV\cat-donat
17 error Windows_NT 10.0.10586
18 error argv "C:\\Program Files\\nodejs\\node.exe" "C:\\Program Files\\nodejs\\node_modules\\npm\\bin\\npm-cli.js" "start"
19 error node v5.0.0
20 error npm  v3.3.6
21 error code ELIFECYCLE
22 error cat-donat@1.0.0 start: `node run.js`
22 error Exit status 1
23 error Failed at the cat-donat@1.0.0 start script 'node run.js'.
23 error This is most likely a problem with the cat-donat package,
23 error not with npm itself.
23 error Tell the author that this fails on your system:
23 error     node run.js
23 error You can get their info via:
23 error     npm owner ls cat-donat
23 error There is likely additional logging output above.
24 verbose exit [ 1, true ]
